Sun, 06 Nov 2011 12:22:57 GMT  ~  info  ~  Logfile created
 ~ (0.000073) SELECT sqlite_version(*)
 ~ (0.000158) DROP TABLE IF EXISTS "items"
 ~ (0.000065) PRAGMA table_info("items")
 ~ (0.000424) CREATE TABLE "items" ("id" INTEGER NOT NULL PRIMARY KEY AUTOINCREMENT, "name" VARCHAR(50), "url" VARCHAR(50))
 ~ (0.000082) SELECT "id", "name", "url" FROM "items" ORDER BY "id"
 ~ (0.000077) SELECT "id", "name", "url" FROM "items" ORDER BY "id"
 ~ (0.000074) SELECT "id", "name", "url" FROM "items" ORDER BY "id"
 ~ (0.000086) INSERT INTO "items" ("name", "url") VALUES ('google', 'http://google.com')
 ~ (0.000122) SELECT "id", "name", "url" FROM "items" ORDER BY "id"
 ~ (0.000076) SELECT sqlite_version(*)
 ~ (0.000156) DROP TABLE IF EXISTS "items"
 ~ (0.000050) PRAGMA table_info("items")
 ~ (0.000410) CREATE TABLE "items" ("id" INTEGER NOT NULL PRIMARY KEY AUTOINCREMENT, "name" VARCHAR(50), "url" VARCHAR(50))
 ~ (0.000084) SELECT "id", "name", "url" FROM "items" ORDER BY "id"
 ~ (0.000082) SELECT sqlite_version(*)
 ~ (0.000176) DROP TABLE IF EXISTS "items"
 ~ (0.000059) PRAGMA table_info("items")
 ~ (0.000494) CREATE TABLE "items" ("id" INTEGER NOT NULL PRIMARY KEY AUTOINCREMENT, "name" VARCHAR(50), "url" VARCHAR(50))
 ~ (0.000075) SELECT sqlite_version(*)
 ~ (0.000205) DROP TABLE IF EXISTS "items"
 ~ (0.000071) PRAGMA table_info("items")
 ~ (0.000489) CREATE TABLE "items" ("id" INTEGER NOT NULL PRIMARY KEY AUTOINCREMENT, "name" VARCHAR(50), "url" VARCHAR(50))
 ~ (0.000076) SELECT sqlite_version(*)
 ~ (0.000158) DROP TABLE IF EXISTS "items"
 ~ (0.000047) PRAGMA table_info("items")
 ~ (0.000412) CREATE TABLE "items" ("id" INTEGER NOT NULL PRIMARY KEY AUTOINCREMENT, "name" VARCHAR(50), "url" VARCHAR(50))
 ~ (0.000100) INSERT INTO "items" DEFAULT VALUES
 ~ (0.000081) SELECT "id", "name", "url" FROM "items" ORDER BY "id"
 ~ (0.000087) INSERT INTO "items" DEFAULT VALUES
 ~ (0.000073) SELECT sqlite_version(*)
 ~ (0.000188) DROP TABLE IF EXISTS "items"
 ~ (0.000047) PRAGMA table_info("items")
 ~ (0.000389) CREATE TABLE "items" ("id" INTEGER NOT NULL PRIMARY KEY AUTOINCREMENT, "name" VARCHAR(50), "url" VARCHAR(50))
 ~ (0.000094) INSERT INTO "items" DEFAULT VALUES
 ~ (0.000076) SELECT "id", "name", "url" FROM "items" ORDER BY "id"
 ~ (0.000077) SELECT "id", "name", "url" FROM "items" ORDER BY "id"
 ~ (0.000092) INSERT INTO "items" DEFAULT VALUES
 ~ (0.000127) INSERT INTO "items" ("name", "url") VALUES ('google', 'http://onet.pl')
 ~ (0.000087) SELECT "id", "name", "url" FROM "items" ORDER BY "id"
 ~ (0.000096) INSERT INTO "items" DEFAULT VALUES
 ~ (0.000082) SELECT "id", "name", "url" FROM "items" ORDER BY "id"
 ~ (0.000072) SELECT sqlite_version(*)
 ~ (0.000189) DROP TABLE IF EXISTS "items"
 ~ (0.000046) PRAGMA table_info("items")
 ~ (0.000418) CREATE TABLE "items" ("id" INTEGER NOT NULL PRIMARY KEY AUTOINCREMENT, "name" VARCHAR(50), "url" VARCHAR(50))
 ~ (0.000076) SELECT "id", "name", "url" FROM "items" ORDER BY "id"
 ~ (0.000098) INSERT INTO "items" DEFAULT VALUES
 ~ (0.000105) INSERT INTO "items" ("name", "url") VALUES ('google', 'http://onet.pl')
 ~ (0.000074) SELECT sqlite_version(*)
 ~ (0.000162) DROP TABLE IF EXISTS "items"
 ~ (0.000047) PRAGMA table_info("items")
 ~ (0.000409) CREATE TABLE "items" ("id" INTEGER NOT NULL PRIMARY KEY AUTOINCREMENT, "name" VARCHAR(50), "url" VARCHAR(50))
 ~ (0.000092) INSERT INTO "items" ("name", "url") VALUES ('google', 'http://onet.pl')
 ~ (0.000083) INSERT INTO "items" ("name", "url") VALUES ('asdf', 'http://onet.pl')
 ~ (0.000082) INSERT INTO "items" ("name", "url") VALUES ('onet', 'http://onet.pl')
 ~ (0.000087) SELECT "id", "name", "url" FROM "items" ORDER BY "id"
 ~ (0.000090) INSERT INTO "items" DEFAULT VALUES
 ~ (0.000094) SELECT sqlite_version(*)
 ~ (0.000212) DROP TABLE IF EXISTS "items"
 ~ (0.000077) PRAGMA table_info("items")
 ~ (0.000507) CREATE TABLE "items" ("id" INTEGER NOT NULL PRIMARY KEY AUTOINCREMENT, "name" VARCHAR(50), "url" VARCHAR(50))
 ~ (0.000082) SELECT "id", "name", "url" FROM "items" ORDER BY "id"
 ~ (0.000114) INSERT INTO "items" DEFAULT VALUES
 ~ (0.000103) INSERT INTO "items" ("name", "url") VALUES ('google', 'http://onet.pl')
 ~ (0.000093) SELECT "id", "name", "url" FROM "items" ORDER BY "id"
 ~ (0.000083) INSERT INTO "items" DEFAULT VALUES
 ~ (0.000130) SELECT "id", "name", "url" FROM "items" ORDER BY "id"
 ~ (0.000074) SELECT sqlite_version(*)
 ~ (0.000155) DROP TABLE IF EXISTS "items"
 ~ (0.000050) PRAGMA table_info("items")
 ~ (0.000382) CREATE TABLE "items" ("id" INTEGER NOT NULL PRIMARY KEY AUTOINCREMENT, "name" VARCHAR(50), "url" VARCHAR(50))
 ~ (0.000074) SELECT "id", "name", "url" FROM "items" ORDER BY "id"
 ~ (0.000103) INSERT INTO "items" DEFAULT VALUES
 ~ (0.000106) INSERT INTO "items" ("name", "url") VALUES ('google', 'http://google.com')
 ~ (0.000088) SELECT sqlite_version(*)
 ~ (0.000231) DROP TABLE IF EXISTS "items"
 ~ (0.000062) PRAGMA table_info("items")
 ~ (0.000547) CREATE TABLE "items" ("id" INTEGER NOT NULL PRIMARY KEY AUTOINCREMENT, "name" VARCHAR(50), "url" VARCHAR(50))
 ~ (0.000115) INSERT INTO "items" ("name", "url") VALUES ('google', 'http://google.com')
 ~ (0.000094) INSERT INTO "items" ("name", "url") VALUES ('google', 'http://google.com')
 ~ (0.000110) INSERT INTO "items" DEFAULT VALUES
 ~ (0.000074) SELECT sqlite_version(*)
 ~ (0.000157) DROP TABLE IF EXISTS "items"
 ~ (0.000072) PRAGMA table_info("items")
 ~ (0.000414) CREATE TABLE "items" ("id" INTEGER NOT NULL PRIMARY KEY AUTOINCREMENT, "name" VARCHAR(50), "url" VARCHAR(50))
 ~ (0.000078) SELECT "id", "name", "url" FROM "items" ORDER BY "id"
 ~ (0.000082) INSERT INTO "items" DEFAULT VALUES
 ~ (0.000127) INSERT INTO "items" ("name", "url") VALUES ('google', 'http://google.com')
 ~ (0.000087) SELECT sqlite_version(*)
 ~ (0.000173) DROP TABLE IF EXISTS "items"
 ~ (0.000074) PRAGMA table_info("items")
 ~ (0.000480) CREATE TABLE "items" ("id" INTEGER NOT NULL PRIMARY KEY AUTOINCREMENT, "name" VARCHAR(50), "url" VARCHAR(50))
 ~ (0.000093) INSERT INTO "items" ("name", "url") VALUES ('google', 'http://google.com')
 ~ (0.000233) SELECT sqlite_version(*)
 ~ (0.000260) DROP TABLE IF EXISTS "items"
 ~ (0.000062) PRAGMA table_info("items")
 ~ (0.000411) CREATE TABLE "items" ("id" INTEGER NOT NULL PRIMARY KEY AUTOINCREMENT, "name" VARCHAR(50), "url" VARCHAR(50))
 ~ (0.000138) INSERT INTO "items" ("name", "url") VALUES ('google', 'http://google.com')
 ~ (0.000102) INSERT INTO "items" ("name", "url") VALUES ('google', 'http://google.com')
 ~ (0.000099) INSERT INTO "items" DEFAULT VALUES
 ~ (0.000086) INSERT INTO "items" ("name", "url") VALUES ('google', 'http://google.com')
 ~ (0.000074) SELECT sqlite_version(*)
 ~ (0.000158) DROP TABLE IF EXISTS "items"
 ~ (0.000047) PRAGMA table_info("items")
 ~ (0.000413) CREATE TABLE "items" ("id" INTEGER NOT NULL PRIMARY KEY AUTOINCREMENT, "name" VARCHAR(50), "url" VARCHAR(50))
 ~ (0.000093) INSERT INTO "items" ("name", "url") VALUES ('google', 'http://google.com')
 ~ (0.000076) SELECT "id", "name", "url" FROM "items" ORDER BY "id"
 ~ (0.000088) INSERT INTO "items" DEFAULT VALUES
 ~ (0.000086) INSERT INTO "items" ("name", "url") VALUES ('one', 'http://onet.pl')
 ~ (0.000075) SELECT "id", "name", "url" FROM "items" ORDER BY "id"
 ~ (0.000175) SELECT "id", "name", "url" FROM "items" ORDER BY "id"
 ~ no such table: items (code: 1, sql state: , query: SELECT "id", "name", "url" FROM "items" ORDER BY "id", uri: sqlite3::memory:?scheme=sqlite3&user=&password=&host=&port=&query=&fragment=&adapter=sqlite3&path=:memory:)
 ~ no such table: items (code: 1, sql state: , query: INSERT INTO "items" DEFAULT VALUES, uri: sqlite3::memory:?scheme=sqlite3&user=&password=&host=&port=&query=&fragment=&adapter=sqlite3&path=:memory:)
 ~ no such table: items (code: 1, sql state: , query: INSERT INTO "items" DEFAULT VALUES, uri: sqlite3::memory:?scheme=sqlite3&user=&password=&host=&port=&query=&fragment=&adapter=sqlite3&path=:memory:)
 ~ (0.000083) SELECT sqlite_version(*)
 ~ (0.000172) DROP TABLE IF EXISTS "items"
 ~ (0.000057) PRAGMA table_info("items")
 ~ (0.000388) CREATE TABLE "items" ("id" INTEGER NOT NULL PRIMARY KEY AUTOINCREMENT, "name" VARCHAR(50), "url" VARCHAR(50))
 ~ (0.000110) INSERT INTO "items" DEFAULT VALUES
 ~ (0.000100) SELECT "id", "name", "url" FROM "items" ORDER BY "id"
 ~ (0.000111) INSERT INTO "items" DEFAULT VALUES
 ~ (0.000076) SELECT "id", "name", "url" FROM "items" ORDER BY "id"
 ~ (0.000083) INSERT INTO "items" DEFAULT VALUES
 ~ (0.000078) SELECT "id", "name", "url" FROM "items" ORDER BY "id"
 ~ (0.000095) SELECT "id", "name", "url" FROM "items" ORDER BY "id"
 ~ (0.000117) SELECT sqlite_version(*)
 ~ (0.000205) DROP TABLE IF EXISTS "items"
 ~ (0.000091) PRAGMA table_info("items")
 ~ (0.000462) CREATE TABLE "items" ("id" INTEGER NOT NULL PRIMARY KEY AUTOINCREMENT, "name" VARCHAR(50), "url" VARCHAR(50))
 ~ (0.000075) SELECT "id", "name", "url" FROM "items" ORDER BY "id"
 ~ (0.000098) INSERT INTO "items" ("name", "url") VALUES ('google', 'http://google.com')
 ~ (0.000077) SELECT "id", "name", "url" FROM "items" ORDER BY "id"
 ~ (0.000074) SELECT sqlite_version(*)
 ~ (0.000186) DROP TABLE IF EXISTS "items"
 ~ (0.000048) PRAGMA table_info("items")
 ~ (0.000383) CREATE TABLE "items" ("id" INTEGER NOT NULL PRIMARY KEY AUTOINCREMENT, "name" VARCHAR(50), "url" VARCHAR(50))
 ~ (0.000090) SELECT "id", "name", "url" FROM "items" ORDER BY "id"
 ~ (0.000103) INSERT INTO "items" ("name", "url") VALUES ('google', 'http://google.com')
 ~ (0.000076) SELECT sqlite_version(*)
 ~ (0.000157) DROP TABLE IF EXISTS "items"
 ~ (0.000051) PRAGMA table_info("items")
 ~ (0.000407) CREATE TABLE "items" ("id" INTEGER NOT NULL PRIMARY KEY AUTOINCREMENT, "name" VARCHAR(50), "url" VARCHAR(50))
 ~ (0.000100) INSERT INTO "items" ("name", "url") VALUES ('google', 'http://google.com')
 ~ (0.000079) SELECT "id", "name", "url" FROM "items" ORDER BY "id"
 ~ (0.000085) SELECT "id", "name", "url" FROM "items" ORDER BY "id"
 ~ (0.000139) SELECT sqlite_version(*)
 ~ (0.000184) DROP TABLE IF EXISTS "items"
 ~ (0.000050) PRAGMA table_info("items")
 ~ (0.000380) CREATE TABLE "items" ("id" INTEGER NOT NULL PRIMARY KEY AUTOINCREMENT, "name" VARCHAR(50), "url" VARCHAR(50))
 ~ (0.000088) SELECT "id", "name", "url" FROM "items" ORDER BY "id"
 ~ (0.000108) INSERT INTO "items" DEFAULT VALUES
 ~ (0.000115) INSERT INTO "items" ("name", "url") VALUES ('google', 'http://google.com')
 ~ (0.000076) SELECT sqlite_version(*)
 ~ (0.000159) DROP TABLE IF EXISTS "items"
 ~ (0.000048) PRAGMA table_info("items")
 ~ (0.000435) CREATE TABLE "items" ("id" INTEGER NOT NULL PRIMARY KEY AUTOINCREMENT, "name" VARCHAR(50), "url" VARCHAR(50))
 ~ (0.000076) SELECT "id", "name", "url" FROM "items" ORDER BY "id"
 ~ (0.000099) INSERT INTO "items" DEFAULT VALUES
 ~ (0.000094) INSERT INTO "items" ("name", "url") VALUES ('google', 'http://google.com')
 ~ (0.000081) SELECT "id", "name", "url" FROM "items" ORDER BY "id"
 ~ (0.000072) SELECT sqlite_version(*)
 ~ (0.000162) DROP TABLE IF EXISTS "items"
 ~ (0.000048) PRAGMA table_info("items")
 ~ (0.000381) CREATE TABLE "items" ("id" INTEGER NOT NULL PRIMARY KEY AUTOINCREMENT, "name" VARCHAR(50), "url" VARCHAR(50))
 ~ (0.000084) SELECT "id", "name", "url" FROM "items" ORDER BY "id"
 ~ (0.000094) SELECT "id", "name", "url" FROM "items" ORDER BY "id"
 ~ (0.000095) INSERT INTO "items" DEFAULT VALUES
 ~ (0.000106) INSERT INTO "items" ("name", "url") VALUES ('google', 'http://google.com')
 ~ (0.000094) SELECT "id", "name", "url" FROM "items" ORDER BY "id"
 ~ (0.000101) SELECT sqlite_version(*)
 ~ (0.000153) DROP TABLE IF EXISTS "items"
 ~ (0.000054) PRAGMA table_info("items")
 ~ (0.000384) CREATE TABLE "items" ("id" INTEGER NOT NULL PRIMARY KEY AUTOINCREMENT, "name" VARCHAR(50), "url" VARCHAR(50))
 ~ (0.000074) SELECT "id", "name", "url" FROM "items" ORDER BY "id"
 ~ (0.000100) INSERT INTO "items" DEFAULT VALUES
 ~ (0.000134) INSERT INTO "items" ("name", "url") VALUES ('google', 'http://google.com')
 ~ (0.000074) SELECT "id", "name", "url" FROM "items" ORDER BY "id"
 ~ (0.000078) SELECT "id", "name", "url" FROM "items" ORDER BY "id"
 ~ (0.000100) INSERT INTO "items" DEFAULT VALUES
 ~ (0.000099) SELECT "id", "name", "url" FROM "items" ORDER BY "id"
 ~ (0.000103) SELECT "id", "name", "url" FROM "items" ORDER BY "id"
 ~ (0.000074) SELECT sqlite_version(*)
 ~ (0.000160) DROP TABLE IF EXISTS "items"
 ~ (0.000048) PRAGMA table_info("items")
 ~ (0.000440) CREATE TABLE "items" ("id" INTEGER NOT NULL PRIMARY KEY AUTOINCREMENT, "name" VARCHAR(50), "url" VARCHAR(50))
 ~ (0.000101) SELECT "id", "name", "url" FROM "items" ORDER BY "id"
 ~ (0.000101) INSERT INTO "items" DEFAULT VALUES
 ~ (0.000095) INSERT INTO "items" ("name", "url") VALUES ('google', 'http://google.com')
 ~ (0.000074) SELECT sqlite_version(*)
 ~ (0.000193) DROP TABLE IF EXISTS "items"
 ~ (0.000062) PRAGMA table_info("items")
 ~ (0.000417) CREATE TABLE "items" ("id" INTEGER NOT NULL PRIMARY KEY AUTOINCREMENT, "name" VARCHAR(50), "url" VARCHAR(50))
 ~ (0.000093) INSERT INTO "items" ("name", "url") VALUES ('google', 'http://google.com')
 ~ (0.000075) SELECT sqlite_version(*)
 ~ (0.000159) DROP TABLE IF EXISTS "items"
 ~ (0.000051) PRAGMA table_info("items")
 ~ (0.000421) CREATE TABLE "items" ("id" INTEGER NOT NULL PRIMARY KEY AUTOINCREMENT, "name" VARCHAR(50), "url" VARCHAR(50))
 ~ (0.000102) INSERT INTO "items" ("name", "url") VALUES ('google', 'http://google.com')
 ~ (0.000098) INSERT INTO "items" ("name", "url") VALUES ('google', 'http://google.com')
 ~ (0.000073) SELECT sqlite_version(*)
 ~ (0.000155) DROP TABLE IF EXISTS "items"
 ~ (0.000049) PRAGMA table_info("items")
 ~ (0.000383) CREATE TABLE "items" ("id" INTEGER NOT NULL PRIMARY KEY AUTOINCREMENT, "name" VARCHAR(50), "url" VARCHAR(50))
 ~ (0.000091) SELECT "id", "name", "url" FROM "items" ORDER BY "id"
 ~ (0.000091) INSERT INTO "items" DEFAULT VALUES
 ~ (0.000102) INSERT INTO "items" ("name", "url") VALUES ('google', 'http://google.com')
 ~ (0.000090) SELECT sqlite_version(*)
 ~ (0.000195) DROP TABLE IF EXISTS "items"
 ~ (0.000073) PRAGMA table_info("items")
 ~ (0.000593) CREATE TABLE "items" ("id" INTEGER NOT NULL PRIMARY KEY AUTOINCREMENT, "name" VARCHAR(50), "url" VARCHAR(50))
 ~ (0.000112) INSERT INTO "items" ("name", "url") VALUES ('google', 'http://google.com')
 ~ (0.000090) INSERT INTO "items" ("name", "url") VALUES ('google', 'http://google.com')
 ~ (0.000094) SELECT "id", "name", "url" FROM "items" ORDER BY "id"
 ~ (0.000093) INSERT INTO "items" DEFAULT VALUES
 ~ (0.000099) INSERT INTO "items" ("name", "url") VALUES ('onet', 'http://onet.pl')
 ~ (0.000076) SELECT "id", "name", "url" FROM "items" ORDER BY "id"
 ~ (0.000076) SELECT sqlite_version(*)
 ~ (0.000156) DROP TABLE IF EXISTS "items"
 ~ (0.000058) PRAGMA table_info("items")
 ~ (0.000637) CREATE TABLE "items" ("id" INTEGER NOT NULL PRIMARY KEY AUTOINCREMENT, "name" VARCHAR(50), "url" VARCHAR(50))
 ~ (0.000094) SELECT "id", "name", "url" FROM "items" ORDER BY "id"
 ~ (0.000082) INSERT INTO "items" DEFAULT VALUES
 ~ (0.000107) INSERT INTO "items" ("name", "url") VALUES ('google', 'http://google.com')
 ~ (0.000095) INSERT INTO "items" DEFAULT VALUES
 ~ (0.000074) SELECT sqlite_version(*)
 ~ (0.000158) DROP TABLE IF EXISTS "items"
 ~ (0.000056) PRAGMA table_info("items")
 ~ (0.000416) CREATE TABLE "items" ("id" INTEGER NOT NULL PRIMARY KEY AUTOINCREMENT, "name" VARCHAR(50), "url" VARCHAR(50))
 ~ (0.000076) SELECT "id", "name", "url" FROM "items" ORDER BY "id"
 ~ (0.000098) INSERT INTO "items" DEFAULT VALUES
 ~ (0.000111) INSERT INTO "items" ("name", "url") VALUES ('google', 'http://google.com')
 ~ (0.000076) SELECT sqlite_version(*)
 ~ (0.000155) DROP TABLE IF EXISTS "items"
 ~ (0.000050) PRAGMA table_info("items")
 ~ (0.000386) CREATE TABLE "items" ("id" INTEGER NOT NULL PRIMARY KEY AUTOINCREMENT, "name" VARCHAR(50), "url" VARCHAR(50))
 ~ (0.000098) INSERT INTO "items" ("name", "url") VALUES ('google', 'http://google.com')
 ~ (0.000091) SELECT "id", "name", "url" FROM "items" ORDER BY "id"
 ~ (0.000092) SELECT "id", "name", "url" FROM "items" ORDER BY "id"
 ~ (0.000111) INSERT INTO "items" ("name", "url") VALUES ('google', 'http://google.com')
 ~ (0.000110) INSERT INTO "items" ("name", "url") VALUES ('google', 'http://google.com')
 ~ (0.000074) SELECT sqlite_version(*)
 ~ (0.000158) DROP TABLE IF EXISTS "items"
 ~ (0.000050) PRAGMA table_info("items")
 ~ (0.000381) CREATE TABLE "items" ("id" INTEGER NOT NULL PRIMARY KEY AUTOINCREMENT, "name" VARCHAR(50), "url" VARCHAR(50))
 ~ (0.000087) SELECT "id", "name", "url" FROM "items" ORDER BY "id"
 ~ (0.000102) INSERT INTO "items" ("name", "url") VALUES ('nowy', 'http://google.com')
 ~ (0.000095) SELECT "id", "name", "url" FROM "items" ORDER BY "id"
 ~ (0.000073) SELECT sqlite_version(*)
 ~ (0.000153) DROP TABLE IF EXISTS "items"
 ~ (0.000071) PRAGMA table_info("items")
 ~ (0.000395) CREATE TABLE "items" ("id" INTEGER NOT NULL PRIMARY KEY AUTOINCREMENT, "name" VARCHAR(50), "url" VARCHAR(50))
 ~ (0.000075) SELECT "id", "name", "url" FROM "items" ORDER BY "id"
 ~ (0.000078) SELECT sqlite_version(*)
 ~ (0.000173) DROP TABLE IF EXISTS "items"
 ~ (0.000051) PRAGMA table_info("items")
 ~ (0.000411) CREATE TABLE "items" ("id" INTEGER NOT NULL PRIMARY KEY AUTOINCREMENT, "name" VARCHAR(50), "url" VARCHAR(50))
 ~ (0.000092) SELECT "id", "name", "url" FROM "items" ORDER BY "id"
 ~ (0.000115) INSERT INTO "items" ("name", "url") VALUES ('google', 'http://google.com')
 ~ (0.000089) SELECT sqlite_version(*)
 ~ (0.000203) DROP TABLE IF EXISTS "items"
 ~ (0.000072) PRAGMA table_info("items")
 ~ (0.000521) CREATE TABLE "items" ("id" INTEGER NOT NULL PRIMARY KEY AUTOINCREMENT, "name" VARCHAR(50), "url" VARCHAR(50))
 ~ (0.000094) INSERT INTO "items" ("name", "url") VALUES ('google', 'http://google.com')
 ~ (0.000093) SELECT "id", "name", "url" FROM "items" ORDER BY "id"
 ~ (0.000079) SELECT "id", "name", "url" FROM "items" ORDER BY "id"
 ~ (0.000105) INSERT INTO "items" ("name", "url") VALUES ('onet', 'http://onet.pl')
 ~ (0.000082) SELECT sqlite_version(*)
 ~ (0.000173) DROP TABLE IF EXISTS "items"
 ~ (0.000062) PRAGMA table_info("items")
 ~ (0.000463) CREATE TABLE "items" ("id" INTEGER NOT NULL PRIMARY KEY AUTOINCREMENT, "name" VARCHAR(50), "url" VARCHAR(50))
 ~ (0.000076) SELECT "id", "name", "url" FROM "items" ORDER BY "id"
 ~ (0.000129) INSERT INTO "items" ("name", "url") VALUES ('google', 'http://google.com')
 ~ (0.000090) SELECT "id", "name", "url" FROM "items" ORDER BY "id"
 ~ (0.000144) SELECT sqlite_version(*)
 ~ (0.000155) DROP TABLE IF EXISTS "items"
 ~ (0.000050) PRAGMA table_info("items")
 ~ (0.000383) CREATE TABLE "items" ("id" INTEGER NOT NULL PRIMARY KEY AUTOINCREMENT, "name" VARCHAR(50), "url" VARCHAR(50))
 ~ (0.000078) SELECT "id", "name", "url" FROM "items" ORDER BY "id"
 ~ (0.000101) INSERT INTO "items" ("name", "url") VALUES ('google', 'http://google.com')
 ~ (0.000077) SELECT "id", "name", "url" FROM "items" ORDER BY "id"
 ~ (0.000074) SELECT sqlite_version(*)
 ~ (0.000158) DROP TABLE IF EXISTS "items"
 ~ (0.000049) PRAGMA table_info("items")
 ~ (0.000439) CREATE TABLE "items" ("id" INTEGER NOT NULL PRIMARY KEY AUTOINCREMENT, "name" VARCHAR(50), "url" VARCHAR(50))
 ~ (0.000076) SELECT "id", "name", "url" FROM "items" ORDER BY "id"
 ~ (0.000103) INSERT INTO "items" ("name", "url") VALUES ('google', 'http://google.com')
 ~ (0.000075) SELECT "id", "name", "url" FROM "items" ORDER BY "id"
 ~ (0.000074) SELECT sqlite_version(*)
 ~ (0.000185) DROP TABLE IF EXISTS "items"
 ~ (0.000049) PRAGMA table_info("items")
 ~ (0.000435) CREATE TABLE "items" ("id" INTEGER NOT NULL PRIMARY KEY AUTOINCREMENT, "name" VARCHAR(50), "url" VARCHAR(50))
 ~ (0.000093) SELECT "id", "name", "url" FROM "items" ORDER BY "id"
 ~ (0.000085) INSERT INTO "items" ("name", "url") VALUES ('google', 'http://google.com')
 ~ (0.000076) SELECT "id", "name", "url" FROM "items" ORDER BY "id"
